<?xml version="1.0" encoding="UTF-8"?>
<testsuite xmlns:xsi="http://www.w3.org/2001/XMLSchema-instance" xsi:noNamespaceSchemaLocation="https://maven.apache.org/surefire/maven-surefire-plugin/xsd/surefire-test-report-3.0.xsd" version="3.0" name="Workshop.Example1.OrderProcessorTest" time="2.949" tests="1" errors="1" skipped="0" failures="0">
  <properties>
[...]
</properties>
  <testcase name="shouldCalculateOrderTotalCorrectly" classname="Workshop.Example1.OrderProcessorTest" time="2.854">
    <error message="Cannot invoke &quot;Workshop.Example1.Other.Order.getTotal()&quot; because &quot;order&quot; is null" type="java.lang.NullPointerException"><![CDATA[java.lang.NullPointerException: Cannot invoke "Workshop.Example1.Other.Order.getTotal()" because "order" is null
	at Workshop.Example1.OrderProcessorTest.shouldCalculateOrderTotalCorrectly(OrderProcessorTest.java:70)
	at java.base/java.lang.reflect.Method.invoke(Method.java:569)
	at java.base/java.util.ArrayList.forEach(ArrayList.java:1511)
	at java.base/java.util.ArrayList.forEach(ArrayList.java:1511)
]]></error>
  </testcase>
</testsuite>