<?xml version="1.0" encoding="UTF-8"?>
<testsuite xmlns:xsi="http://www.w3.org/2001/XMLSchema-instance" xsi:noNamespaceSchemaLocation="https://maven.apache.org/surefire/maven-surefire-plugin/xsd/surefire-test-report-3.0.xsd" version="3.0" name="Workshop.Example1.OrderProcessorTest" time="2.949" tests="1" errors="1" skipped="0" failures="0">
  <properties>
    <property name="java.specification.version" value="17"/>
    <property name="sun.jnu.encoding" value="UTF-8"/>
    <property name="java.class.path" value="/Users/stephen.kuo/Documents/Code/workshop-refactoring-for-testability/target/test-classes:/Users/stephen.kuo/Documents/Code/workshop-refactoring-for-testability/target/classes:/Users/stephen.kuo/.m2/repository/org/junit/jupiter/junit-jupiter/5.10.0/junit-jupiter-5.10.0.jar:/Users/stephen.kuo/.m2/repository/org/junit/jupiter/junit-jupiter-api/5.10.0/junit-jupiter-api-5.10.0.jar:/Users/stephen.kuo/.m2/repository/org/opentest4j/opentest4j/1.3.0/opentest4j-1.3.0.jar:/Users/stephen.kuo/.m2/repository/org/junit/platform/junit-platform-commons/1.10.0/junit-platform-commons-1.10.0.jar:/Users/stephen.kuo/.m2/repository/org/apiguardian/apiguardian-api/1.1.2/apiguardian-api-1.1.2.jar:/Users/stephen.kuo/.m2/repository/org/junit/jupiter/junit-jupiter-params/5.10.0/junit-jupiter-params-5.10.0.jar:/Users/stephen.kuo/.m2/repository/org/junit/jupiter/junit-jupiter-engine/5.10.0/junit-jupiter-engine-5.10.0.jar:/Users/stephen.kuo/.m2/repository/org/junit/platform/junit-platform-engine/1.10.0/junit-platform-engine-1.10.0.jar:/Users/stephen.kuo/.m2/repository/org/mockito/mockito-core/5.5.0/mockito-core-5.5.0.jar:/Users/stephen.kuo/.m2/repository/net/bytebuddy/byte-buddy/1.14.6/byte-buddy-1.14.6.jar:/Users/stephen.kuo/.m2/repository/net/bytebuddy/byte-buddy-agent/1.14.6/byte-buddy-agent-1.14.6.jar:/Users/stephen.kuo/.m2/repository/org/objenesis/objenesis/3.3/objenesis-3.3.jar:/Users/stephen.kuo/.m2/repository/org/mockito/mockito-junit-jupiter/5.5.0/mockito-junit-jupiter-5.5.0.jar:/Users/stephen.kuo/.m2/repository/org/assertj/assertj-core/3.24.2/assertj-core-3.24.2.jar:"/>
    <property name="java.vm.vendor" value="Azul Systems, Inc."/>
    <property name="sun.arch.data.model" value="64"/>
    <property name="java.vendor.url" value="http://www.azul.com/"/>
    <property name="user.timezone" value="Asia/Kolkata"/>
    <property name="os.name" value="Mac OS X"/>
    <property name="java.vm.specification.version" value="17"/>
    <property name="user.country" value="US"/>
    <property name="sun.java.launcher" value="SUN_STANDARD"/>
    <property name="sun.boot.library.path" value="/Library/Java/JavaVirtualMachines/openjdk_17.0.13.0.101_17.55.14_x64/lib"/>
    <property name="sun.java.command" value="/Users/stephen.kuo/Documents/Code/workshop-refactoring-for-testability/target/surefire/surefirebooter-20251114101432862_3.jar /Users/stephen.kuo/Documents/Code/workshop-refactoring-for-testability/target/surefire 2025-11-14T10-14-32_673-jvmRun1 surefire-20251114101432862_1tmp surefire_0-20251114101432862_2tmp"/>
    <property name="jdk.debug" value="release"/>
    <property name="test" value="OrderProcessorTest"/>
    <property name="surefire.test.class.path" value="/Users/stephen.kuo/Documents/Code/workshop-refactoring-for-testability/target/test-classes:/Users/stephen.kuo/Documents/Code/workshop-refactoring-for-testability/target/classes:/Users/stephen.kuo/.m2/repository/org/junit/jupiter/junit-jupiter/5.10.0/junit-jupiter-5.10.0.jar:/Users/stephen.kuo/.m2/repository/org/junit/jupiter/junit-jupiter-api/5.10.0/junit-jupiter-api-5.10.0.jar:/Users/stephen.kuo/.m2/repository/org/opentest4j/opentest4j/1.3.0/opentest4j-1.3.0.jar:/Users/stephen.kuo/.m2/repository/org/junit/platform/junit-platform-commons/1.10.0/junit-platform-commons-1.10.0.jar:/Users/stephen.kuo/.m2/repository/org/apiguardian/apiguardian-api/1.1.2/apiguardian-api-1.1.2.jar:/Users/stephen.kuo/.m2/repository/org/junit/jupiter/junit-jupiter-params/5.10.0/junit-jupiter-params-5.10.0.jar:/Users/stephen.kuo/.m2/repository/org/junit/jupiter/junit-jupiter-engine/5.10.0/junit-jupiter-engine-5.10.0.jar:/Users/stephen.kuo/.m2/repository/org/junit/platform/junit-platform-engine/1.10.0/junit-platform-engine-1.10.0.jar:/Users/stephen.kuo/.m2/repository/org/mockito/mockito-core/5.5.0/mockito-core-5.5.0.jar:/Users/stephen.kuo/.m2/repository/net/bytebuddy/byte-buddy/1.14.6/byte-buddy-1.14.6.jar:/Users/stephen.kuo/.m2/repository/net/bytebuddy/byte-buddy-agent/1.14.6/byte-buddy-agent-1.14.6.jar:/Users/stephen.kuo/.m2/repository/org/objenesis/objenesis/3.3/objenesis-3.3.jar:/Users/stephen.kuo/.m2/repository/org/mockito/mockito-junit-jupiter/5.5.0/mockito-junit-jupiter-5.5.0.jar:/Users/stephen.kuo/.m2/repository/org/assertj/assertj-core/3.24.2/assertj-core-3.24.2.jar:"/>
    <property name="sun.cpu.endian" value="little"/>
    <property name="user.home" value="/Users/stephen.kuo"/>
    <property name="user.language" value="en"/>
    <property name="java.specification.vendor" value="Oracle Corporation"/>
    <property name="java.version.date" value="2025-01-21"/>
    <property name="java.home" value="/Library/Java/JavaVirtualMachines/openjdk_17.0.13.0.101_17.55.14_x64"/>
    <property name="file.separator" value="/"/>
    <property name="basedir" value="/Users/stephen.kuo/Documents/Code/workshop-refactoring-for-testability"/>
    <property name="java.vm.compressedOopsMode" value="Zero based"/>
    <property name="line.separator" value="&#10;"/>
    <property name="java.vm.specification.vendor" value="Oracle Corporation"/>
    <property name="java.specification.name" value="Java Platform API Specification"/>
    <property name="surefire.real.class.path" value="/Users/stephen.kuo/Documents/Code/workshop-refactoring-for-testability/target/surefire/surefirebooter-20251114101432862_3.jar"/>
    <property name="sun.management.compiler" value="HotSpot 64-Bit Tiered Compilers"/>
    <property name="java.runtime.version" value="17.0.13.0.101+1-LTS"/>
    <property name="user.name" value="stephen.kuo"/>
    <property name="sfdc.onejdk.date" value="2025-02-14"/>
    <property name="path.separator" value=":"/>
    <property name="os.version" value="26.1"/>
    <property name="java.runtime.name" value="OpenJDK Runtime Environment"/>
    <property name="file.encoding" value="UTF-8"/>
    <property name="java.vm.name" value="OpenJDK 64-Bit Server VM"/>
    <property name="java.vendor.version" value="Zulu17.55+14-SA"/>
    <property name="sfdc.onejdk.version" value="17.0.13.0.101+75"/>
    <property name="localRepository" value="/Users/stephen.kuo/.m2/repository"/>
    <property name="java.vendor.url.bug" value="http://www.azul.com/support/"/>
    <property name="java.io.tmpdir" value="/var/folders/t7/2gv6vdyj0hb_kmtrw1c759rm0000gn/T/"/>
    <property name="java.version" value="17.0.13.0.101"/>
    <property name="user.dir" value="/Users/stephen.kuo/Documents/Code/workshop-refactoring-for-testability"/>
    <property name="os.arch" value="x86_64"/>
    <property name="java.vm.specification.name" value="Java Virtual Machine Specification"/>
    <property name="native.encoding" value="UTF-8"/>
    <property name="java.library.path" value="/Users/stephen.kuo/Library/Java/Extensions:/Library/Java/Extensions:/Network/Library/Java/Extensions:/System/Library/Java/Extensions:/usr/lib/java:."/>
    <property name="java.vm.info" value="mixed mode"/>
    <property name="java.vendor" value="Azul Systems, Inc."/>
    <property name="java.vm.version" value="17.0.13.0.101+1-LTS"/>
    <property name="java.specification.maintenance.version" value="1"/>
    <property name="sun.io.unicode.encoding" value="UnicodeBig"/>
    <property name="java.class.version" value="61.0"/>
  </properties>
  <testcase name="shouldCalculateOrderTotalCorrectly" classname="Workshop.Example1.OrderProcessorTest" time="2.854">
    <error message="Cannot invoke &quot;Workshop.Example1.Other.Order.getTotal()&quot; because &quot;order&quot; is null" type="java.lang.NullPointerException"><![CDATA[java.lang.NullPointerException: Cannot invoke "Workshop.Example1.Other.Order.getTotal()" because "order" is null
	at Workshop.Example1.OrderProcessorTest.shouldCalculateOrderTotalCorrectly(OrderProcessorTest.java:70)
	at java.base/java.lang.reflect.Method.invoke(Method.java:569)
	at java.base/java.util.ArrayList.forEach(ArrayList.java:1511)
	at java.base/java.util.ArrayList.forEach(ArrayList.java:1511)
]]></error>
  </testcase>
</testsuite>